<?xml version="1.0" encoding="UTF-8"?>
<!-- Generated by org.testng.reporters.JUnitXMLReporter -->
<testsuite ignored="0" hostname="OURHOME3" failures="0" tests="3" name="Default test" time="23.549" errors="0" timestamp="2020-10-04T15:06:17 EDT">
  <testcase classname="SeleniumTestPackage.DataDrivenLoginTest" name="yahooSignUp" time="9.642"/>
  <testcase classname="SeleniumTestPackage.DataDrivenLoginTest" name="yahooSignUp" time="6.943"/>
  <testcase classname="SeleniumTestPackage.DataDrivenLoginTest" name="yahooSignUp" time="6.883"/>
</testsuite> <!-- Default test -->
