<?xml version="1.0" encoding="UTF-8"?>
<testng-results ignored="0" total="3" passed="3" failed="0" skipped="0">
  <reporter-output>
  </reporter-output>
  <suite started-at="2020-10-04T15:05:54 EDT" name="Default suite" finished-at="2020-10-04T15:06:17 EDT" duration-ms="23549">
    <groups>
    </groups>
    <test started-at="2020-10-04T15:05:54 EDT" name="Default test" finished-at="2020-10-04T15:06:17 EDT" duration-ms="23549">
      <class name="SeleniumTestPackage.DataDrivenLoginTest">
        <test-method signature="yahooSignUp(java.lang.String, java.lang.String)[pri:0, instance:SeleniumTestPackage.DataDrivenLoginTest@e15b7e8]" started-at="2020-10-04T15:05:54 EDT" name="yahooSignUp" data-provider="dataInputValue" finished-at="2020-10-04T15:06:04 EDT" duration-ms="9642" status="PASS">
          <params>
            <param index="0">
              <value>
                <![CDATA[Admin]]>
              </value>
            </param>
            <param index="1">
              <value>
                <![CDATA[(1)23456]]>
              </value>
            </param>
          </params>
          <reporter-output>
          </reporter-output>
        </test-method> <!-- yahooSignUp -->
        <test-method signature="yahooSignUp(java.lang.String, java.lang.String)[pri:0, instance:SeleniumTestPackage.DataDrivenLoginTest@e15b7e8]" started-at="2020-10-04T15:06:04 EDT" name="yahooSignUp" data-provider="dataInputValue" finished-at="2020-10-04T15:06:10 EDT" duration-ms="6943" status="PASS">
          <params>
            <param index="0">
              <value>
                <![CDATA[Admin1]]>
              </value>
            </param>
            <param index="1">
              <value>
                <![CDATA[1(2)3456]]>
              </value>
            </param>
          </params>
          <reporter-output>
          </reporter-output>
        </test-method> <!-- yahooSignUp -->
        <test-method signature="yahooSignUp(java.lang.String, java.lang.String)[pri:0, instance:SeleniumTestPackage.DataDrivenLoginTest@e15b7e8]" started-at="2020-10-04T15:06:10 EDT" name="yahooSignUp" data-provider="dataInputValue" finished-at="2020-10-04T15:06:17 EDT" duration-ms="6883" status="PASS">
          <params>
            <param index="0">
              <value>
                <![CDATA[Admin2]]>
              </value>
            </param>
            <param index="1">
              <value>
                <![CDATA[12(3)456]]>
              </value>
            </param>
          </params>
          <reporter-output>
          </reporter-output>
        </test-method> <!-- yahooSignUp -->
      </class> <!-- SeleniumTestPackage.DataDrivenLoginTest -->
    </test> <!-- Default test -->
  </suite> <!-- Default suite -->
</testng-results>
