<?xml version="1.0" encoding="UTF-8"?>
<!-- Generated by org.testng.reporters.JUnitXMLReporter -->
<testsuite ignored="0" hostname="OURHOME3" failures="0" tests="3" name="Default test" time="40.762" errors="0" timestamp="2020-10-04T18:02:58 EDT">
  <testcase classname="SeleniumTestPackage.DataDrivenLoginTest" name="yahooSignUp" time="25.406"/>
  <testcase classname="SeleniumTestPackage.DataDrivenLoginTest" name="yahooSignUp" time="7.645"/>
  <testcase classname="SeleniumTestPackage.DataDrivenLoginTest" name="yahooSignUp" time="7.556"/>
</testsuite> <!-- Default test -->
